# JRE version: OpenJDK Runtime Environment Temurin-11.0.16.1+1 (11.0.16.1+1) (build 11.0.16.1+1)
# Java VM: OpenJDK 64-Bit Server VM Temurin-11.0.16.1+1 (11.0.16.1+1, mixed mode, tiered, compressed oops, g1 gc, windows-amd64)
Heap:
 garbage-first heap   total 262144K, used 56677K [0x0000000701c00000, 0x0000000800000000)
  region size 1024K, 49 young (50176K), 5 survivors (5120K)
 Metaspace       used 32336K, capacity 33436K, committed 33712K, reserved 1079296K
  class space    used 3822K, capacity 4311K, committed 4352K, reserved 1048576K
GC Heap History (6 events):
Event: 1.016 GC heap before
{Heap before GC invocations=0 (full 0):
 garbage-first heap   total 262144K, used 13312K [0x0000000701c00000, 0x0000000800000000)
  region size 1024K, 14 young (14336K), 0 survivors (0K)
 Metaspace       used 9419K, capacity 9702K, committed 9728K, reserved 1058816K
  class space    used 893K, capacity 1001K, committed 1024K, reserved 1048576K
}
Event: 1.024 GC heap after
{Heap after GC invocations=1 (full 0):
 garbage-first heap   total 262144K, used 2054K [0x0000000701c00000, 0x0000000800000000)
  region size 1024K, 2 young (2048K), 2 survivors (2048K)
 Metaspace       used 9419K, capacity 9702K, committed 9728K, reserved 1058816K
  class space    used 893K, capacity 1001K, committed 1024K, reserved 1048576K
}
Event: 3.818 GC heap before
{Heap before GC invocations=1 (full 0):
 garbage-first heap   total 262144K, used 37894K [0x0000000701c00000, 0x0000000800000000)
  region size 1024K, 38 young (38912K), 2 survivors (2048K)
 Metaspace       used 20587K, capacity 21151K, committed 21296K, reserved 1069056K
  class space    used 2418K, capacity 2635K, committed 2688K, reserved 1048576K
}
Event: 3.832 GC heap after
{Heap after GC invocations=2 (full 0):
 garbage-first heap   total 262144K, used 6891K [0x0000000701c00000, 0x0000000800000000)
  region size 1024K, 7 young (7168K), 7 survivors (7168K)
 Metaspace       used 20587K, capacity 21151K, committed 21296K, reserved 1069056K
  class space    used 2418K, capacity 2635K, committed 2688K, reserved 1048576K
}
Event: 6.416 GC heap before
{Heap before GC invocations=3 (full 0):
 garbage-first heap   total 262144K, used 49899K [0x0000000701c00000, 0x0000000800000000)
  region size 1024K, 48 young (49152K), 7 survivors (7168K)
 Metaspace       used 30489K, capacity 31562K, committed 31792K, reserved 1077248K
  class space    used 3679K, capacity 4119K, committed 4224K, reserved 1048576K
}
Event: 6.435 GC heap after
{Heap after GC invocations=4 (full 0):
 garbage-first heap   total 262144K, used 13669K [0x0000000701c00000, 0x0000000800000000)
  region size 1024K, 5 young (5120K), 5 survivors (5120K)
 Metaspace       used 30489K, capacity 31562K, committed 31792K, reserved 1077248K
  class space    used 3679K, capacity 4119K, committed 4224K, reserved 1048576K
}

